622.574 95.3751 622.584 125.375 1
982.716 38.1288 1010.31 33.7129 0
895.159 64.6215 982.636 39.5399 0
364.125 169.126 337.862 168.752 2
368.306 122.905 367.241 50.366 1
334.621 120.458 332.441 67.8412 1
337.854 169.515 274.084 166.144 6
234.225 249.469 265.044 240.489 0
264.232 229.569 232.98 237.064 0
376.386 1.60206 377.325 94.1306 1
272.913 166.581 250.396 167.283 2
413.436 149.135 413.119 126.639 1
332.372 51.7285 331.206 17.8894 1
291.65 222.974 270.488 228.321 0
739.373 84.1144 739.082 111.625 1
617.387 132.878 617.323 67.8743 1
368.943 187.582 391.753 186.093 2
270.339 239.006 292.668 232.196 0
562.889 195.048 534.031 193.798 6
685.651 186.441 659.181 189.597 3
329.094 70.3514 328.15 121.676 1
803.037 347.585 710.192 295.702 0
697.451 299.158 634.39 321.136 6
235.23 233.481 266.579 226.42 0
650.346 271.499 599.524 283.336 6
318.818 274.444 279.115 266.676 5
625.409 250.871 605.247 252.233 4
772.578 346.674 750.651 341.667 3
362.402 56.3972 364.931 78.894 1
251.559 170.383 255.237 201.344 1
737.654 342.724 767.936 348.82 3
706.094 293.999 682.259 281.554 0
266.542 242.599 236.61 251.575 0
636.751 322.259 736.652 342.744 3
852.762 376.482 802.585 347.465 0
601.87 234.938 575.91 220.402 0
720.391 186.786 685.339 187.187 6
584.107 131.357 617.702 129.074 2
750.291 342.04 650.33 321.848 3
782.281 341.777 808.781 357.609 0
769.112 349.185 790.673 354.058 3
1012.23 32.8773 1012.35 1.60918 1
326.745 21.4644 329.108 41.627 1
687.879 216.853 627.874 217.796 3
272.503 199.255 269.996 167.905 1
648.326 320.427 709.195 299.327 6
709.843 300.047 776.324 338.397 0
590.154 52.5326 618.126 59.3431 6
328.585 204.081 326.866 225.394 1
337.871 173.646 366.619 173.402 2
365.183 84.1187 364.032 119.163 1
27.8996 328.164 52.8256 326.044 2
270.392 225.449 294.027 219.953 0
326.15 51.5111 327.068 77.9031 1
599.335 284.017 694.194 298.678 3
164.343 234.252 91.4917 245.783 0
554.407 205.98 579.066 216.76 0
637.621 237.052 675.32 232.43 2
585.336 258.847 622.81 253.655 2
612.999 283.403 651.401 274.419 6
657.666 289.509 614.147 283.953 3
680.452 242.343 645.319 246.099 2
574.122 260.398 647.86 269.248 3
368.05 161.61 370.259 187.885 1
439.394 242.838 442.689 266.991 1
681.901 281.145 633.246 253.154 0
294.124 234.123 270.333 241.488 0
326.073 233.516 301.732 240.737 0
926.7 291.84 906.561 292.876 4
677.727 288.125 650.769 272.208 0
220.349 225.213 182.808 231.204 0
146.863 286.24 123.189 292.764 0
1066.65 287.541 927.832 291.249 4
717.944 241.457 692.818 242.201 4
252.717 141.066 218.742 133.304 7
150.365 239.067 176.712 234.645 0
652.264 267.696 702.354 296.288 0
733.755 250.41 713.958 244.705 0
182.985 233.559 209.159 229.333 0
601.645 239.326 564.147 243.091 2
619.441 61.6221 619.72 91.6311 1
107.862 245.282 142.898 240.547 0
665.354 198.781 625.274 201.179 3
721.403 216.625 721.347 187.878 1
627.157 249.384 604.484 237.206 0
82.7929 317.063 55.4359 318.153 2
49.1513 311.715 89.0356 300.069 0
724.474 192.88 724.174 214.126 1
231.217 164.121 230.623 227.854 1
726.856 216.63 727.364 192.864 1
440.661 270.75 332.982 281.453 2
642.932 266.115 602.739 261.581 3
742.938 238.528 718.929 240.842 4
273.467 249.768 243.343 260.444 0
272.861 169.009 294.123 169.267 2
594.874 228.014 623.995 238.519 0
1145.56 305.764 1060.93 287.784 0
153.94 280.936 176.49 274.871 0
228.453 227.903 229.646 256.655 1
173.305 351.239 200.325 337.775 0
128.547 374.178 152.373 361.901 0
358.005 215.446 367.986 197.25 8
115.269 292.548 149.125 281.625 0
287.293 290.479 317.708 275.047 0
642.22 248.325 693.51 277.004 0
887.879 293.086 864.13 292.987 4
86.6049 246.511 50.1688 252.96 0
718.417 192.871 718.586 216.629 1
1.5791 263.861 85.4068 249.308 0
1241.3 324.615 1162.74 308.54 0
223.692 325.824 281.764 294.382 0
200.713 337.238 219.831 327.999 0
152.813 361.5 172.85 351.574 0
171.636 131.377 134.097 129.78 2
245.925 328.644 229.495 340.394 0
555.381 229.073 576.65 231.397 3
236.297 209.144 236.619 172.875 1
295.539 169.107 294.756 215.365 1
651.619 131.514 697.874 131.743 2
1066.46 351.04 1097.6 358.968 0
30.6159 331.216 1.73114 339.495 0
142.871 133.243 196.628 133.793 2
567.85 227.114 536.679 225.55 3
651.004 181.635 650.425 145.354 1
869.216 291.343 810.909 272.603 0
912.897 305.29 935.221 310.979 0
138.987 282.422 99.2416 294.509 0
585.79 155.41 584.953 135.289 1
1116.59 364.239 1141.65 372.798 0
41.8426 27.4666 72.928 44.0255 5
1041.37 343.799 1065.68 350.542 0
357.282 205.392 356.404 175.381 1
740.966 169.13 740.568 115.374 1
946.83 310.751 925.297 305.706 0
692.38 277.196 707.849 290.598 7
851.627 357.872 884.931 374.989 0
15.6735 321.437 36.6701 315.535 0
260.809 107.864 260.232 84.1285 1
711.424 289.614 772.298 321.376 0
770.721 324.604 869.321 376.142 0
219.063 162.853 219.548 189.14 1
253.645 162.958 252.619 141.698 1
54.1379 226.796 34.0635 228.309 2
644.534 145.37 644.971 179.146 1
245.398 111.882 272.883 112.512 2
656.874 228.015 617.882 231.7 2
255.371 147.233 366.624 148.013 2
404.106 187.561 425.398 188.003 2
615.381 219.271 591.619 220.238 3
633.038 256.321 651.772 266.351 0
594.149 218.166 615.357 216.413 3
256.62 82.8751 257.099 107.89 1
247.872 283.986 267.89 283.526 2
743.066 280.899 764.072 278.634 4
924.092 305.473 897.893 296.572 0
595.344 238.164 560.214 234.368 3
37.8818 216.268 59.148 216.675 2
885.499 295.018 912.761 304.454 0
469.115 216.467 449.114 217.688 3
71.7821 308.48 46.8399 314.953 0
332.876 145.177 262.872 144.878 2
741.556 241.688 762.806 240.445 4
576.627 214.127 602.876 214.108 3
1116.53 356.944 1080.37 346.645 0
29.0512 308.67 50.3493 305.217 2
785.147 292.279 759.02 283.178 0
411.612 232.668 367.881 235.472 2
358.183 76.6524 356.179 99.1965 1
1212.88 374.122 1187.61 367.638 0
729.564 131.615 730.672 179.147 1
54.2236 59.93 74.3437 64.3881 7
342.875 197.875 342.875 175.375 1
89.2006 259.121 90.6245 286.677 1
375.333 256.079 404.01 253.875 2
480.375 159.249 514.127 159.326 2
913.763 120.381 913.255 91.5962 1
1157.71 363.469 1134.06 356.848 0
911.723 90.8031 938.028 84.7937 0
1115.34 319.293 1155.52 328.508 0
667.858 205.151 694.102 205.575 6
913.126 344.747 882.958 332.668 0
84.4731 67.0895 58.9464 55.7781 5
399.128 248.177 376.629 248.374 2
541.612 223.26 566.625 224.138 3
554.194 235.946 582.902 238.857 3
918.853 92.876 918.955 121.626 1
1036.72 316.264 1062.73 323.411 0
1154.15 330.258 1121.57 323.136 0
340.079 176.602 340.581 197.9 1
1110.59 348.292 1141.69 356.356 0
177.825 240.375 177.606 264.134 1
365.387 145.668 335.376 145.281 2
1055.22 116.365 951.748 178.081 5
1.60333 285.258 22.8183 281.319 2
949.361 161.624 948.929 84.1191 1
972.907 330.265 994.149 336.544 0
354.907 175.359 355.505 204.122 1
874.146 329.267 854.031 332.234 4
878.811 374.727 849.075 359.221 0
556.617 220.959 510.374 221.526 3
954.08 82.6999 975.525 77.211 0
637.876 215.391 687.901 213.592 3
622.885 200.369 622.756 171.62 1
492.321 272.949 496.718 231.635 0
501.331 229.109 498.917 274.114 0
1047.73 325.855 1010.49 314.966 0
1176.68 340.157 1197.93 345.127 0
1069.06 46.3419 1144.2 29.4733 0
702.465 235.377 702.274 192.872 1
841.69 325.483 820.367 324.268 4
1212.9 357.766 1236.42 362.63 0
1059.04 333.152 1037.85 326.703 0
499.798 306.637 501.014 365.362 0
131.594 232.308 151.602 231.211 2
618.939 154.132 620.047 185.387 1
959.401 177.086 1056.46 118.845 5
510.381 219.317 561.622 217.767 3
900.298 315.649 878.977 309.65 0
1141.7 19.4513 1066.84 37.535 0
207.525 361.048 226.217 349.703 0
480.301 347.552 460.216 352.184 2
640.052 166.636 641.042 196.644 1
242.432 179.12 242.078 212.88 1
997.987 38.2617 898.017 67.1184 0
1053.9 132.492 985.092 173.652 5
365.355 156.327 336.618 155.737 2
365.375 149.125 341.625 149.125 2
474.137 221.834 494.143 220.701 3
840.379 355.367 804.482 337.172 0
1207.91 325.221 1185.36 320.459 0
221.716 331.795 203.53 341.592 0
981.217 175.938 950.435 194.226 5
1186.65 20.6167 1142.86 19.7138 4
1182.89 107.192 1157.88 107.998 0
971.637 340.54 994.111 338.925 4
335.393 152.467 365.406 151.808 2
1022.63 179.992 1048.24 163.437 5
1205.48 336.117 1229.04 340.811 0
1132.94 109.228 1083.99 138.904 5
207.873 219.073 134.115 221.291 2
256.618 151.749 331.623 152.108 2
495.388 223.127 475.376 224.144 3
1029.19 79.4598 1061.72 73.3946 0
14.159 196.84 40.1521 192.719 2
311.596 281.574 251.651 315.421 0
351.625 175.375 351.625 200.375 1
977.012 84.1151 977.3 131.628 1
1240.39 293.491 1205.38 294.316 4
1142.83 29.714 1187.86 30.9054 4
312.875 149.125 266.625 149.125 2
936.97 190.345 939.672 221.686 1
1185.2 32.876 1185.65 106.631 1
325.401 16.3867 301.523 13.8288 2
1202.88 296.873 1240.39 295.935 4
969.485 150.176 994.893 141.47 7
1071.58 71.3732 1104.09 65.1991 0
335.393 73.9025 356.609 75.5743 2
975.475 133.991 954.171 135.893 0
1040.38 165.384 1019.41 178.335 5
1103.13 130.797 1123.31 118.597 5
1020.35 243.275 1000.35 242.001 7
194.122 346.62 173.011 358.124 0
952.836 137.876 953.257 159.117 1
369.078 20.8043 334.086 16.9776 2
357.854 73.2166 335.363 71.8159 2
284.125 127.875 326.625 127.875 2
334.114 19.2285 370.37 22.9269 2
219.108 64.4576 182.89 62.5874 2
236.625 124.125 211.625 124.125 2
1030.37 250.338 1004.13 250.474 7
998.611 95.3761 998.503 46.6236 1
845.373 267.761 822.88 268.155 4
1187.88 255.375 1211.63 255.375 7
195.376 125.259 227.886 125.608 2
322.983 271.828 341.249 262.164 0
1062.71 90.364 1062.95 114.124 1
1106.63 47.875 1085.38 47.875 2
1032.31 122.867 1031.94 91.6213 1
